[21:26:31.866] Global cache location '/home/michael/.cache/typescript/3.7', safe file path '/home/michael/Dotfiles/.emacs.d/.cache/lsp/npm/typescript/lib/node_modules/typescript/lib/typingSafeList.json', types map path /home/michael/Dotfiles/.emacs.d/.cache/lsp/npm/typescript/lib/node_modules/typescript/lib/typesMap.json
[21:26:31.866] Processing cache location '/home/michael/.cache/typescript/3.7'
[21:26:31.866] Trying to find '/home/michael/.cache/typescript/3.7/package.json'...
[21:26:31.867] Loaded content of '/home/michael/.cache/typescript/3.7/package.json': {"private":true,"dependencies":{"types-registry":"^0.1.554"}}
[21:26:31.867] Loaded content of '/home/michael/.cache/typescript/3.7/package-lock.json'
[21:26:31.867] Finished processing cache location '/home/michael/.cache/typescript/3.7'
[21:26:31.867] Process id: 188306
[21:26:31.867] NPM location: /usr/bin/npm (explicit '--npmLocation' not  provided)
[21:26:31.867] validateDefaultNpmLocation: false
[21:26:31.867] Npm config file: /home/michael/.cache/typescript/3.7/package.json
[21:26:31.867] Updating types-registry npm package...
[21:26:31.867] Exec: /usr/bin/npm install --ignore-scripts types-registry@latest
[21:26:37.732]     Succeeded. stdout:
    
    changed 1 package, and audited 2 packages in 6s

found 0 vulnerabilities

[21:26:37.732] Updated types-registry npm package
[21:26:37.750] Got install request {"projectName":"/dev/null/inferredProject1*","fileNames":["/home/michael/Dotfiles/.emacs.d/.cache/lsp/npm/typescript/lib/node_modules/typescript/lib/lib.d.ts","/home/michael/Dotfiles/.emacs.d/.cache/lsp/npm/typescript/lib/node_modules/typescript/lib/lib.es5.d.ts","/home/michael/Dotfiles/.emacs.d/.cache/lsp/npm/typescript/lib/node_modules/typescript/lib/lib.dom.d.ts","/home/michael/Dotfiles/.emacs.d/.cache/lsp/npm/typescript/lib/node_modules/typescript/lib/lib.webworker.importscripts.d.ts","/home/michael/Dotfiles/.emacs.d/.cache/lsp/npm/typescript/lib/node_modules/typescript/lib/lib.scripthost.d.ts","/home/michael/Soft/Kokopelli-Interfaces/kokopelli-vcv.github.io/lib/shared.js"],"compilerOptions":{"target":1,"jsx":1,"allowNonTsExtensions":true,"allowJs":true,"noEmitForJsFiles":true,"maxNodeModuleJsDepth":2},"typeAcquisition":{"enable":true,"include":[],"exclude":[]},"unresolvedImports":[],"projectRootPath":"/home/michael/Soft/Kokopelli-Interfaces/kokopelli-vcv.github.io/lib","kind":"discover"}
[21:26:37.763] Loaded safelist from types map file '/home/michael/Dotfiles/.emacs.d/.cache/lsp/npm/typescript/lib/node_modules/typescript/lib/typesMap.json'
[21:26:37.763] Explicitly included types: []
[21:26:37.764] Inferred typings from unresolved imports: []
[21:26:37.764] Result: {"cachedTypingPaths":[],"newTypingNames":[],"filesToWatch":["/home/michael/Soft/Kokopelli-Interfaces/kokopelli-vcv.github.io/lib/bower_components","/home/michael/Soft/Kokopelli-Interfaces/kokopelli-vcv.github.io/lib/node_modules"]}
[21:26:37.764] Finished typings discovery: {"cachedTypingPaths":[],"newTypingNames":[],"filesToWatch":["/home/michael/Soft/Kokopelli-Interfaces/kokopelli-vcv.github.io/lib/bower_components","/home/michael/Soft/Kokopelli-Interfaces/kokopelli-vcv.github.io/lib/node_modules"]}
[21:26:37.764] DirectoryWatcher:: Added:: WatchInfo: /home/michael/Soft/Kokopelli-Interfaces/kokopelli-vcv.github.io/lib/bower_components
[21:26:37.765] DirectoryWatcher:: Added:: WatchInfo: /home/michael/Soft/Kokopelli-Interfaces/kokopelli-vcv.github.io/lib/node_modules
[21:26:37.765] Sending response:
    {"projectName":"/dev/null/inferredProject1*","typeAcquisition":{"enable":true,"include":[],"exclude":[]},"compilerOptions":{"target":1,"jsx":1,"allowNonTsExtensions":true,"allowJs":true,"noEmitForJsFiles":true,"maxNodeModuleJsDepth":2},"typings":[],"unresolvedImports":[],"kind":"action::set"}
[21:26:37.765] Response has been sent.
[21:26:37.765] No new typings were requested as a result of typings discovery
[21:26:37.766] Got install request {"projectName":"/dev/null/inferredProject2*","fileNames":["/home/michael/Dotfiles/.emacs.d/.cache/lsp/npm/typescript/lib/node_modules/typescript/lib/lib.d.ts","/home/michael/Dotfiles/.emacs.d/.cache/lsp/npm/typescript/lib/node_modules/typescript/lib/lib.es5.d.ts","/home/michael/Dotfiles/.emacs.d/.cache/lsp/npm/typescript/lib/node_modules/typescript/lib/lib.dom.d.ts","/home/michael/Dotfiles/.emacs.d/.cache/lsp/npm/typescript/lib/node_modules/typescript/lib/lib.webworker.importscripts.d.ts","/home/michael/Dotfiles/.emacs.d/.cache/lsp/npm/typescript/lib/node_modules/typescript/lib/lib.scripthost.d.ts","/home/michael/Soft/Kokopelli-Interfaces/kokopelli-vcv.github.io/lib/widget-rects.js"],"compilerOptions":{"target":1,"jsx":1,"allowNonTsExtensions":true,"allowJs":true,"noEmitForJsFiles":true,"maxNodeModuleJsDepth":2},"typeAcquisition":{"enable":true,"include":[],"exclude":[]},"unresolvedImports":[],"projectRootPath":"/home/michael/Soft/Kokopelli-Interfaces/kokopelli-vcv.github.io/lib","kind":"discover"}
[21:26:37.766] Explicitly included types: []
[21:26:37.766] Inferred typings from unresolved imports: []
[21:26:37.766] Result: {"cachedTypingPaths":[],"newTypingNames":[],"filesToWatch":["/home/michael/Soft/Kokopelli-Interfaces/kokopelli-vcv.github.io/lib/bower_components","/home/michael/Soft/Kokopelli-Interfaces/kokopelli-vcv.github.io/lib/node_modules"]}
[21:26:37.766] Finished typings discovery: {"cachedTypingPaths":[],"newTypingNames":[],"filesToWatch":["/home/michael/Soft/Kokopelli-Interfaces/kokopelli-vcv.github.io/lib/bower_components","/home/michael/Soft/Kokopelli-Interfaces/kokopelli-vcv.github.io/lib/node_modules"]}
[21:26:37.766] DirectoryWatcher:: Added:: WatchInfo: /home/michael/Soft/Kokopelli-Interfaces/kokopelli-vcv.github.io/lib/bower_components
[21:26:37.766] DirectoryWatcher:: Added:: WatchInfo: /home/michael/Soft/Kokopelli-Interfaces/kokopelli-vcv.github.io/lib/node_modules
[21:26:37.766] Sending response:
    {"projectName":"/dev/null/inferredProject2*","typeAcquisition":{"enable":true,"include":[],"exclude":[]},"compilerOptions":{"target":1,"jsx":1,"allowNonTsExtensions":true,"allowJs":true,"noEmitForJsFiles":true,"maxNodeModuleJsDepth":2},"typings":[],"unresolvedImports":[],"kind":"action::set"}
[21:26:37.766] Response has been sent.
[21:26:37.766] No new typings were requested as a result of typings discovery
